[adnoc.vercel.app/index.html]
[cdn.jsdelivr.net/npm/bootstrap@4.6.0/dist/css/bootstrap.min.css]
[pro.fontawesome.com/releases/v5.10.0/css/all.css]
[backblue.gif]
[fade.gif]
[index.html]
[adnoc.vercel.app/assets/css/style.css]
[adnoc.vercel.app/index2.html]
[adnoc.vercel.app/index-2.html]
[adnoc.vercel.app/assets/img/logo.png]
[adnoc.vercel.app/assets/img/ava.png]
[adnoc.vercel.app/assets/img/roadmap.png]
[adnoc.vercel.app/assets/img/icon/puzzle-piece.png]
[adnoc.vercel.app/assets/img/icon/cpu.png]
[adnoc.vercel.app/assets/img/icon/approval.png]
[adnoc.vercel.app/assets/img/icon/money-bag.png]
[adnoc.vercel.app/assets/img/icon/return-of-investment.png]
[adnoc.vercel.app/assets/img/icon/spreadsheet-app.png]
[adnoc.vercel.app/assets/img/icon/ecology.png]
[adnoc.vercel.app/assets/img/icon/brain.png]
[adnoc.vercel.app/assets/img/icon/geothermal.png]
[adnoc.vercel.app/assets/img/icon/engineering.png]
[adnoc.vercel.app/assets/img/icon/process.png]
[adnoc.vercel.app/assets/img/icon/drilling-rig.png]
[adnoc.vercel.app/assets/img/icon/Instagram.png]
[adnoc.vercel.app/assets/img/icon/Facebook.png]
[adnoc.vercel.app/assets/img/icon/Twitter.png]
[code.jquery.com/jquery-3.5.1.slim.min.js]
[adnoc.vercel.app/index.html]
[cdn.jsdelivr.net/npm/bootstrap@4.6.0/dist/css/bootstrap.min.css]
[pro.fontawesome.com/releases/v5.10.0/css/all.css]
[cdn.jsdelivr.net/npm/bootstrap@4.6.0/dist/js/bootstrap.bundle.min.js]
[adnoc.vercel.app/assets/img/hero_bg.png]
[adnoc.vercel.app/assets/img/bg_content.png]
[adnoc.vercel.app/assets/img/icon/bg_member_area.png]
[adnoc.vercel.app/assets/css/style.css]
[cdnjs.cloudflare.com/ajax/libs/twitter-bootstrap/4.5.2/css/bootstrap.css]
[cdn.datatables.net/1.10.24/css/dataTables.bootstrap4.min.css]
[adnoc.vercel.app/assets/img/icon/sme.png]
[adnoc.vercel.app/assets/img/icon/commite.png]
[adnoc.vercel.app/assets/img/icon/approved.png]
[adnoc.vercel.app/assets/img/icon/upload.png]
[cdn.datatables.net/1.10.24/js/jquery.dataTables.min.js]
[code.jquery.com/jquery-3.5.1.js]
[cdn.datatables.net/1.10.24/js/dataTables.bootstrap4.min.js]
[adnoc.vercel.app/index2.html]
[adnoc.vercel.app/index-2.html]
[cdnjs.cloudflare.com/ajax/libs/twitter-bootstrap/4.5.2/css/bootstrap.css]
[cdn.datatables.net/1.10.24/css/dataTables.bootstrap4.min.css]
